<?xml version="1.0" encoding="UTF-8"?>
<!-- Generated by org.testng.reporters.JUnitReportReporter -->
<testsuite hostname="ISA-GAURAV" name="com.safehats.tests.AppTest" tests="1" failures="0" timestamp="6 Sep 2017 18:43:23 GMT" time="0.000" errors="0">
  <testcase name="testApp" time="0.000" classname="com.safehats.tests.AppTest"/>
</testsuite> <!-- com.safehats.tests.AppTest -->
